<?xml version="1.0" encoding="UTF-8"?>
<!-- Generated by org.testng.reporters.JUnitReportReporter -->
<testsuite skipped="0" hostname="NavTech-PC" name="dataProvider.BookFlights" tests="2" failures="0" timestamp="23 Nov 2018 04:04:49 GMT" time="0.005" errors="0">
  <testcase name="bookFlights" time="0.005" classname="dataProvider.BookFlights"/>
  <testcase name="bookFlights" time="0.000" classname="dataProvider.BookFlights"/>
</testsuite> <!-- dataProvider.BookFlights -->
