<?xml version="1.0" encoding="UTF-8"?>
<!-- Generated by org.testng.reporters.JUnitReportReporter -->
<testsuite skipped="0" hostname="NavTech-PC" name="testNG.TestingGmail" tests="2" failures="0" timestamp="23 Nov 2018 04:04:49 GMT" time="0.010" errors="0">
  <testcase name="sendEmail" time="0.005" classname="testNG.TestingGmail"/>
  <testcase name="deleteEmail" time="0.005" classname="testNG.TestingGmail"/>
</testsuite> <!-- testNG.TestingGmail -->
