<?xml version="1.0" encoding="UTF-8"?>
<!-- Generated by org.testng.reporters.JUnitReportReporter -->
<testsuite skipped="0" hostname="NavTech-PC" name="dataProvider.DataProvider" tests="2" failures="0" timestamp="23 Nov 2018 03:21:53 GMT" time="0.014" errors="0">
  <testcase name="login" time="0.013" classname="dataProvider.DataProvider"/>
  <testcase name="login" time="0.001" classname="dataProvider.DataProvider"/>
</testsuite> <!-- dataProvider.DataProvider -->
