<?xml version="1.0" encoding="UTF-8"?>
<!-- Generated by org.testng.reporters.JUnitReportReporter -->
<testsuite skipped="0" hostname="NavTech-PC" name="testNG.FirstTestNGScript" tests="1" failures="0" timestamp="23 Nov 2018 04:04:49 GMT" time="0.025" errors="0">
  <testcase name="displayMessage" time="0.025" classname="testNG.FirstTestNGScript"/>
</testsuite> <!-- testNG.FirstTestNGScript -->
