<?xml version="1.0" encoding="UTF-8"?>
<!-- Generated by org.testng.reporters.JUnitReportReporter -->
<testsuite skipped="0" hostname="NavTech-PC" name="testNG.Groups" tests="1" failures="0" timestamp="26 Nov 2018 04:01:18 GMT" time="0.003" errors="0">
  <testcase name="bookFlight" time="0.003" classname="testNG.Groups"/>
</testsuite> <!-- testNG.Groups -->
