<?xml version="1.0" encoding="UTF-8"?>
<!-- Generated by org.testng.reporters.JUnitReportReporter -->
<testsuite skipped="0" hostname="NavTech-PC" name="dataProvider.LoginTest" tests="2" failures="0" timestamp="23 Nov 2018 04:04:49 GMT" time="0.000" errors="0">
  <testcase name="login" time="0.000" classname="dataProvider.LoginTest"/>
  <testcase name="login" time="0.000" classname="dataProvider.LoginTest"/>
</testsuite> <!-- dataProvider.LoginTest -->
