<?xml version="1.0" encoding="UTF-8"?>
<!-- Generated by org.testng.reporters.JUnitReportReporter -->
<testsuite skipped="0" hostname="NavTech-PC" name="parameterization.LoginTestCase" tests="1" failures="0" timestamp="13 Dec 2018 03:32:03 GMT" time="16.461" errors="0">
  <testcase name="login" time="16.461" classname="parameterization.LoginTestCase"/>
</testsuite> <!-- parameterization.LoginTestCase -->
