<?xml version="1.0" encoding="UTF-8"?>
<!-- Generated by org.testng.reporters.JUnitReportReporter -->
<testsuite skipped="0" hostname="NavTech-PC" name="testNG.TestingFacebook" tests="2" failures="0" timestamp="23 Nov 2018 04:00:44 GMT" time="0.005" errors="0">
  <testcase name="updateProfile" time="0.005" classname="testNG.TestingFacebook"/>
  <testcase name="sharePicture" time="0.000" classname="testNG.TestingFacebook"/>
</testsuite> <!-- testNG.TestingFacebook -->
